<?xml version="1.0" encoding="UTF-8"?>
<testng-results ignored="0" total="1" passed="1" failed="0" skipped="0">
  <reporter-output>
  </reporter-output>
  <suite started-at="2024-10-23T14:19:41 IST" name="Default suite" finished-at="2024-10-23T14:20:19 IST" duration-ms="37732">
    <groups>
    </groups>
    <test started-at="2024-10-23T14:19:41 IST" name="Default test" finished-at="2024-10-23T14:20:19 IST" duration-ms="37732">
      <class name="DemoAppiumTest.TestCaseDemo">
        <test-method signature="TestCase()[pri:0, instance:DemoAppiumTest.TestCaseDemo@7fd4acee]" started-at="2024-10-23T14:19:42 IST" name="TestCase" finished-at="2024-10-23T14:20:19 IST" duration-ms="37570" status="PASS">
          <reporter-output>
          </reporter-output>
        </test-method> <!-- TestCase -->
      </class> <!-- DemoAppiumTest.TestCaseDemo -->
    </test> <!-- Default test -->
  </suite> <!-- Default suite -->
</testng-results>
